[Wed Mar 22 14:10:46.313406 2023] [ssl:warn] [pid 1680:tid 408] AH01909: www.example.com:443:0 server certificate does NOT include an ID which matches the server name
[Wed Mar 22 14:10:46.397283 2023] [ssl:warn] [pid 1680:tid 408] AH01909: www.example.com:443:0 server certificate does NOT include an ID which matches the server name
[Wed Mar 22 14:10:46.559593 2023] [mpm_winnt:notice] [pid 1680:tid 408] AH00455: Apache/2.4.54 (Win64) OpenSSL/1.1.1p PHP/8.2.0 configured -- resuming normal operations
[Wed Mar 22 14:10:46.559593 2023] [mpm_winnt:notice] [pid 1680:tid 408] AH00456: Apache Lounge VS16 Server built: Jun 22 2022 09:58:15
[Wed Mar 22 14:10:46.559593 2023] [core:notice] [pid 1680:tid 408] AH00094: Command line: 'C:\\xampp\\apache\\bin\\httpd.exe -d C:/xampp/apache'
[Wed Mar 22 14:10:46.575218 2023] [mpm_winnt:notice] [pid 1680:tid 408] AH00418: Parent: Created child process 2204
[Wed Mar 22 14:10:47.481232 2023] [ssl:warn] [pid 2204:tid 420] AH01909: www.example.com:443:0 server certificate does NOT include an ID which matches the server name
[Wed Mar 22 14:10:47.558612 2023] [ssl:warn] [pid 2204:tid 420] AH01909: www.example.com:443:0 server certificate does NOT include an ID which matches the server name
[Wed Mar 22 14:10:47.643276 2023] [mpm_winnt:notice] [pid 2204:tid 420] AH00354: Child: Starting 150 worker threads.
[Fri Mar 24 11:56:19.123078 2023] [ssl:warn] [pid 4444:tid 432] AH01909: www.example.com:443:0 server certificate does NOT include an ID which matches the server name
[Fri Mar 24 11:56:19.185574 2023] [ssl:warn] [pid 4444:tid 432] AH01909: www.example.com:443:0 server certificate does NOT include an ID which matches the server name
[Fri Mar 24 11:56:19.591861 2023] [mpm_winnt:notice] [pid 4444:tid 432] AH00455: Apache/2.4.54 (Win64) OpenSSL/1.1.1p PHP/8.2.0 configured -- resuming normal operations
[Fri Mar 24 11:56:19.591861 2023] [mpm_winnt:notice] [pid 4444:tid 432] AH00456: Apache Lounge VS16 Server built: Jun 22 2022 09:58:15
[Fri Mar 24 11:56:19.591861 2023] [core:notice] [pid 4444:tid 432] AH00094: Command line: 'c:\\xampp\\apache\\bin\\httpd.exe -d C:/xampp/apache'
[Fri Mar 24 11:56:19.591861 2023] [mpm_winnt:notice] [pid 4444:tid 432] AH00418: Parent: Created child process 1304
[Fri Mar 24 11:56:20.216872 2023] [ssl:warn] [pid 1304:tid 456] AH01909: www.example.com:443:0 server certificate does NOT include an ID which matches the server name
[Fri Mar 24 11:56:20.263687 2023] [ssl:warn] [pid 1304:tid 456] AH01909: www.example.com:443:0 server certificate does NOT include an ID which matches the server name
[Fri Mar 24 11:56:20.310560 2023] [mpm_winnt:notice] [pid 1304:tid 456] AH00354: Child: Starting 150 worker threads.
[Wed Apr 19 14:20:25.977517 2023] [ssl:warn] [pid 2624:tid 432] AH01909: www.example.com:443:0 server certificate does NOT include an ID which matches the server name
[Wed Apr 19 14:20:26.055642 2023] [core:warn] [pid 2624:tid 432] AH00098: pid file C:/xampp/apache/logs/httpd.pid overwritten -- Unclean shutdown of previous Apache run?
[Wed Apr 19 14:20:26.055642 2023] [ssl:warn] [pid 2624:tid 432] AH01909: www.example.com:443:0 server certificate does NOT include an ID which matches the server name
[Wed Apr 19 14:20:27.110972 2023] [mpm_winnt:notice] [pid 2624:tid 432] AH00455: Apache/2.4.54 (Win64) OpenSSL/1.1.1p PHP/8.2.0 configured -- resuming normal operations
[Wed Apr 19 14:20:27.110972 2023] [mpm_winnt:notice] [pid 2624:tid 432] AH00456: Apache Lounge VS16 Server built: Jun 22 2022 09:58:15
[Wed Apr 19 14:20:27.110972 2023] [core:notice] [pid 2624:tid 432] AH00094: Command line: 'c:\\xampp\\apache\\bin\\httpd.exe -d C:/xampp/apache'
[Wed Apr 19 14:20:27.126598 2023] [mpm_winnt:notice] [pid 2624:tid 432] AH00418: Parent: Created child process 7976
[Wed Apr 19 14:20:27.877746 2023] [ssl:warn] [pid 7976:tid 436] AH01909: www.example.com:443:0 server certificate does NOT include an ID which matches the server name
[Wed Apr 19 14:20:27.949594 2023] [ssl:warn] [pid 7976:tid 436] AH01909: www.example.com:443:0 server certificate does NOT include an ID which matches the server name
[Wed Apr 19 14:20:28.101178 2023] [mpm_winnt:notice] [pid 7976:tid 436] AH00354: Child: Starting 150 worker threads.
